<?xml version="1.0" encoding="UTF-8"?>
<!-- Generated by org.testng.reporters.JUnitReportReporter -->
<testsuite skipped="0" hostname="INCHCMLP03299" name="Todo.TodoAssert" tests="1" failures="0" timestamp="2020-09-12T20:47:26 IST" time="31.107" errors="0">
  <testcase name="ToDoActions" time="31.107" classname="Todo.TodoAssert"/>
  <system-out/>
</testsuite> <!-- Todo.TodoAssert -->
